{"rota": "https://drive.google.com/uc?id=1p5fWpn53iuMZx06uRM9VEwRgAdgjDCii", "event": "Iniciando donwload", "level": "info", "timestamp": "2024-11-13 23:28.12"}
{"rota": "https://drive.google.com/uc?id=1p5fWpn53iuMZx06uRM9VEwRgAdgjDCii", "caminho_local": "/home/rfileto/Projetos/Python/expert-waffle/data/raw/access_log.zip", "event": "Donwload finalizado", "level": "info", "timestamp": "2024-11-13 23:28.18"}
{"caminho": "PosixPath('/home/rfileto/Projetos/Python/expert-waffle/data/raw/access_log.zip')", "saida": "PosixPath('/home/rfileto/Projetos/Python/expert-waffle/data/raw')", "event": "Iniciando extra\u00e7\u00e3o do arquivo", "level": "info", "timestamp": "2024-11-13 23:28.18"}
{"saida": "PosixPath('/home/rfileto/Projetos/Python/expert-waffle/data/raw')", "event": "Todos os arquivos extra\u00eddos", "level": "info", "timestamp": "2024-11-13 23:28.23"}
{"event": "Arquivo deletado: /home/rfileto/Projetos/Python/expert-waffle/data/raw/access_log.zip", "level": "info", "timestamp": "2024-11-13 23:28.23"}
{"arquivo_removido": "PosixPath('/home/rfileto/Projetos/Python/expert-waffle/data/raw/access_log.zip')", "event": "Arquivo zip removido", "level": "info", "timestamp": "2024-11-13 23:28.23"}
{"pyspark_version": "3.5.3", "event": "Vers\u00e3o PySpark", "level": "info", "timestamp": "2024-11-13 23:28.26"}
{"parametros": {"spark.executor.memory": "8g", "spark.executor.cores": "2", "spark.driver.memory": "4g", "spark.jars": "/opt/spark/jars/postgresql-42.7.4.jar", "spark.sql.extensions": "io.delta.sql.DeltaSparkSessionExtension", "spark.sql.catalog.spark_catalog": "org.apache.spark.sql.delta.catalog.DeltaCatalog"}, "event": "Spark configurado com os par\u00e2metros", "level": "info", "timestamp": "2024-11-13 23:28.26"}
{"event": "Spark session iniciada App 'sparkapp' e configura\u00e7\u00f5es 'local[*]'", "level": "info", "timestamp": "2024-11-13 23:28.26"}
{"colunas": [], "event": "Colunas removidas por falta de preenchimento", "level": "info", "timestamp": "2024-11-13 23:28.36"}
{"colunas": ["_c1"], "event": "Colunas removidas por falta de variabilidade", "level": "info", "timestamp": "2024-11-13 23:28.44"}
{"profile": {"_c0": {"contagem_nulos": 0, "percentual_nulos": "Decimal('0.0')", "contagem_unicos": 333923, "percentual_unicos": "Decimal('7.45723')"}, "_c2": {"contagem_nulos": 7, "percentual_nulos": "Decimal('0.000156325')", "contagem_unicos": 18, "percentual_unicos": "Decimal('0.000401979')"}, "_c3": {"contagem_nulos": 19, "percentual_nulos": "Decimal('0.000424311')", "contagem_unicos": 2037794, "percentual_unicos": "Decimal('45.5084')"}, "_c4": {"contagem_nulos": 0, "percentual_nulos": "Decimal('0.0')", "contagem_unicos": 28, "percentual_unicos": "Decimal('0.000625301')"}, "_c5": {"contagem_nulos": 0, "percentual_nulos": "Decimal('0.0')", "contagem_unicos": 63078, "percentual_unicos": "Decimal('1.40867')"}, "_c6": {"contagem_nulos": 0, "percentual_nulos": "Decimal('0.0')", "contagem_unicos": 14, "percentual_unicos": "Decimal('0.000312651')"}, "_c7": {"contagem_nulos": 0, "percentual_nulos": "Decimal('0.0')", "contagem_unicos": 61474, "percentual_unicos": "Decimal('1.37285')"}}, "event": "Perfil de dados", "level": "info", "timestamp": "2024-11-13 23:28.54"}
{"event": "Renomeando colunas", "level": "info", "timestamp": "2024-11-13 23:28.54"}
{"event": "Construindo colunas rota e verbo", "level": "info", "timestamp": "2024-11-13 23:28.54"}
{"event": "Construindo coluna data", "level": "info", "timestamp": "2024-11-13 23:28.54"}
{"event": "Construindo coluna hor\u00e1rio", "level": "info", "timestamp": "2024-11-13 23:28.54"}
{"event": "Construindo coluna dia da semana", "level": "info", "timestamp": "2024-11-13 23:28.54"}
{"event": "Persistindo dados em \u00e1rea de staging", "level": "info", "timestamp": "2024-11-13 23:28.54"}
{"event": "Calculando top 10 clientes ip por quantidade de requisi\u00e7\u00f5es", "level": "info", "timestamp": "2024-11-13 23:29.22"}
{"event": "Calculando top 6 endpoints por quantidade de requisi\u00e7\u00f5es, desconsiderando par\u00e2metros de rota", "level": "info", "timestamp": "2024-11-13 23:29.23"}
{"event": "Calculando n\u00famero de clients (ips) distintos", "level": "info", "timestamp": "2024-11-13 23:29.24"}
{"event": "Calculando m\u00e9tricas de volume de dados das requisi\u00e7\u00f5es", "level": "info", "timestamp": "2024-11-13 23:29.25"}
{"event": "Encontrando dia da semana com maior n\u00famero de erros de cliente (400)", "level": "info", "timestamp": "2024-11-13 23:29.27"}
{"path": "PosixPath('/home/rfileto/Projetos/Python/expert-waffle/data/prod/resultado.json')", "event": "Gravando arquivo de resultados", "level": "info", "timestamp": "2024-11-13 23:29.27"}
